New log file opened at Tue May 17 13:04:39 EDT 2016 by 27597@maxsquare-Dell-Precision-M3800
Taking next connection to: 43174
New client attempting to connect on port: 54744-43174
  Address = /127.0.1.1:43174
This client on port 54744 has uuid 021a679a-991b-4073-97f6-678019e012af configName activator humanReadableName Activator protocolVersion 3 featureTags Vector()
Connected Clients: activator-021a679a-991b-4073-97f6-678019e012af
Taking next connection to: 43174
New client attempting to connect on port: 54758-43174
  Address = /127.0.1.1:43174
Handshake exception on socket: 54758
sbt.impl.ipc.HandshakeException: Unable to perform handshake
	at sbt.impl.ipc.Peer.handshake(IPC.scala:46)
	at sbt.impl.ipc.MultiClientServer.<init>(IPC.scala:150)
	at sbt.server.SbtServerSocketHandler$$anon$1.run(SbtServerSocketHandler.scala:43)
Caused by: java.io.EOFException
	at java.io.DataInputStream.readInt(DataInputStream.java:392)
	at sbt.impl.ipc.Peer.receive(IPC.scala:95)
	at sbt.impl.ipc.Peer.handshake(IPC.scala:49)
	... 2 more
Taking next connection to: 43174
New client attempting to connect on port: 54760-43174
  Address = /127.0.1.1:43174
This client on port 54760 has uuid 6232fef7-92a0-4dd9-97f6-081e8e54d2b7 configName play-fork-run humanReadableName Play Fork Run protocolVersion 1 featureTags Vector()
Connected Clients: activator-021a679a-991b-4073-97f6-678019e012af, play-fork-run-6232fef7-92a0-4dd9-97f6-081e8e54d2b7
Taking next connection to: 43174
Checking to see if clients are empty...
We have 1 non-daemon clients, continuing serving connections.
Taking next connection to: 43174
